<?xml version="1.0" encoding="UTF-8"?>
<testng-results skipped="0" failed="0" ignored="0" total="1" passed="1">
  <reporter-output>
  </reporter-output>
  <suite name="Default suite" duration-ms="1648" started-at="2021-05-13T17:51:43 IST" finished-at="2021-05-13T17:51:44 IST">
    <groups>
    </groups>
    <test name="Default test" duration-ms="1648" started-at="2021-05-13T17:51:43 IST" finished-at="2021-05-13T17:51:44 IST">
      <class name="Test.GetTest">
        <test-method status="PASS" signature="setup()[pri:0, instance:Test.GetTest@711f39f9]" name="setup" is-config="true" duration-ms="6" started-at="2021-05-13T17:51:43 IST" finished-at="2021-05-13T17:51:43 IST">
          <reporter-output>
          </reporter-output>
        </test-method> <!-- setup -->
        <test-method status="PASS" signature="getTest()[pri:0, instance:Test.GetTest@711f39f9]" name="getTest" duration-ms="1553" started-at="2021-05-13T17:51:43 IST" finished-at="2021-05-13T17:51:44 IST">
          <reporter-output>
          </reporter-output>
        </test-method> <!-- getTest -->
      </class> <!-- Test.GetTest -->
    </test> <!-- Default test -->
  </suite> <!-- Default suite -->
</testng-results>
